\BOOKMARK [0][-]{chapter.1}{\376\377\0001\000\040\000F\000i\000l\000e\000\040\000I\000n\000d\000e\000x}{}% 1
\BOOKMARK [1][-]{section.1.1}{\376\377\0001\000.\0001\000\040\000F\000i\000l\000e\000\040\000L\000i\000s\000t}{chapter.1}% 2
\BOOKMARK [0][-]{chapter.2}{\376\377\0002\000\040\000F\000i\000l\000e\000\040\000D\000o\000c\000u\000m\000e\000n\000t\000a\000t\000i\000o\000n}{}% 3
\BOOKMARK [1][-]{section.2.1}{\376\377\0002\000.\0001\000\040\000a\000p\000p\000.\000j\000s\000\040\000F\000i\000l\000e\000\040\000R\000e\000f\000e\000r\000e\000n\000c\000e}{chapter.2}% 4
\BOOKMARK [1][-]{section.2.2}{\376\377\0002\000.\0002\000\040\000c\000o\000n\000f\000i\000g\000/\000d\000b\000.\000j\000s\000\040\000F\000i\000l\000e\000\040\000R\000e\000f\000e\000r\000e\000n\000c\000e}{chapter.2}% 5
\BOOKMARK [1][-]{section.2.3}{\376\377\0002\000.\0003\000\040\000c\000o\000n\000t\000r\000o\000l\000l\000e\000r\000s\000/\000a\000d\000m\000i\000n\000C\000o\000n\000t\000r\000o\000l\000l\000e\000r\000.\000j\000s\000\040\000F\000i\000l\000e\000\040\000R\000e\000f\000e\000r\000e\000n\000c\000e}{chapter.2}% 6
\BOOKMARK [1][-]{section.2.4}{\376\377\0002\000.\0004\000\040\000c\000o\000n\000t\000r\000o\000l\000l\000e\000r\000s\000/\000a\000u\000t\000h\000C\000o\000n\000t\000r\000o\000l\000l\000e\000r\000.\000j\000s\000\040\000F\000i\000l\000e\000\040\000R\000e\000f\000e\000r\000e\000n\000c\000e}{chapter.2}% 7
\BOOKMARK [1][-]{section.2.5}{\376\377\0002\000.\0005\000\040\000c\000o\000n\000t\000r\000o\000l\000l\000e\000r\000s\000/\000b\000u\000s\000C\000o\000n\000t\000r\000o\000l\000l\000e\000r\000.\000j\000s\000\040\000F\000i\000l\000e\000\040\000R\000e\000f\000e\000r\000e\000n\000c\000e}{chapter.2}% 8
\BOOKMARK [1][-]{section.2.6}{\376\377\0002\000.\0006\000\040\000c\000o\000n\000t\000r\000o\000l\000l\000e\000r\000s\000/\000p\000a\000y\000m\000e\000n\000t\000C\000o\000n\000t\000r\000o\000l\000l\000e\000r\000.\000j\000s\000\040\000F\000i\000l\000e\000\040\000R\000e\000f\000e\000r\000e\000n\000c\000e}{chapter.2}% 9
\BOOKMARK [1][-]{section.2.7}{\376\377\0002\000.\0007\000\040\000c\000o\000n\000t\000r\000o\000l\000l\000e\000r\000s\000/\000r\000e\000s\000e\000r\000v\000a\000t\000i\000o\000n\000C\000o\000n\000t\000r\000o\000l\000l\000e\000r\000.\000j\000s\000\040\000F\000i\000l\000e\000\040\000R\000e\000f\000e\000r\000e\000n\000c\000e}{chapter.2}% 10
\BOOKMARK [1][-]{section.2.8}{\376\377\0002\000.\0008\000\040\000c\000o\000n\000t\000r\000o\000l\000l\000e\000r\000s\000/\000s\000c\000h\000e\000d\000u\000l\000e\000C\000o\000n\000t\000r\000o\000l\000l\000e\000r\000.\000j\000s\000\040\000F\000i\000l\000e\000\040\000R\000e\000f\000e\000r\000e\000n\000c\000e}{chapter.2}% 11
\BOOKMARK [1][-]{section.2.9}{\376\377\0002\000.\0009\000\040\000c\000o\000n\000t\000r\000o\000l\000l\000e\000r\000s\000/\000t\000e\000r\000m\000i\000n\000a\000l\000C\000o\000n\000t\000r\000o\000l\000l\000e\000r\000.\000j\000s\000\040\000F\000i\000l\000e\000\040\000R\000e\000f\000e\000r\000e\000n\000c\000e}{chapter.2}% 12
\BOOKMARK [1][-]{section.2.10}{\376\377\0002\000.\0001\0000\000\040\000c\000o\000n\000t\000r\000o\000l\000l\000e\000r\000s\000/\000t\000i\000c\000k\000e\000t\000C\000o\000n\000t\000r\000o\000l\000l\000e\000r\000.\000j\000s\000\040\000F\000i\000l\000e\000\040\000R\000e\000f\000e\000r\000e\000n\000c\000e}{chapter.2}% 13
\BOOKMARK [1][-]{section.2.11}{\376\377\0002\000.\0001\0001\000\040\000c\000o\000n\000t\000r\000o\000l\000l\000e\000r\000s\000/\000u\000s\000e\000r\000C\000o\000n\000t\000r\000o\000l\000l\000e\000r\000.\000j\000s\000\040\000F\000i\000l\000e\000\040\000R\000e\000f\000e\000r\000e\000n\000c\000e}{chapter.2}% 14
\BOOKMARK [1][-]{section.2.12}{\376\377\0002\000.\0001\0002\000\040\000c\000r\000e\000a\000t\000e\000A\000d\000m\000i\000n\000.\000j\000s\000\040\000F\000i\000l\000e\000\040\000R\000e\000f\000e\000r\000e\000n\000c\000e}{chapter.2}% 15
\BOOKMARK [1][-]{section.2.13}{\376\377\0002\000.\0001\0003\000\040\000m\000i\000d\000d\000l\000e\000w\000a\000r\000e\000s\000/\000a\000d\000m\000i\000n\000M\000i\000d\000d\000l\000e\000w\000a\000r\000e\000.\000j\000s\000\040\000F\000i\000l\000e\000\040\000R\000e\000f\000e\000r\000e\000n\000c\000e}{chapter.2}% 16
\BOOKMARK [1][-]{section.2.14}{\376\377\0002\000.\0001\0004\000\040\000m\000i\000d\000d\000l\000e\000w\000a\000r\000e\000s\000/\000a\000u\000t\000h\000M\000i\000d\000d\000l\000e\000w\000a\000r\000e\000.\000j\000s\000\040\000F\000i\000l\000e\000\040\000R\000e\000f\000e\000r\000e\000n\000c\000e}{chapter.2}% 17
\BOOKMARK [1][-]{section.2.15}{\376\377\0002\000.\0001\0005\000\040\000m\000o\000d\000e\000l\000s\000/\000B\000u\000s\000.\000j\000s\000\040\000F\000i\000l\000e\000\040\000R\000e\000f\000e\000r\000e\000n\000c\000e}{chapter.2}% 18
\BOOKMARK [1][-]{section.2.16}{\376\377\0002\000.\0001\0006\000\040\000r\000o\000u\000t\000e\000s\000/\000b\000u\000s\000.\000j\000s\000\040\000F\000i\000l\000e\000\040\000R\000e\000f\000e\000r\000e\000n\000c\000e}{chapter.2}% 19
\BOOKMARK [1][-]{section.2.17}{\376\377\0002\000.\0001\0007\000\040\000m\000o\000d\000e\000l\000s\000/\000E\000m\000a\000i\000l\000V\000e\000r\000i\000f\000i\000c\000a\000t\000i\000o\000n\000.\000j\000s\000\040\000F\000i\000l\000e\000\040\000R\000e\000f\000e\000r\000e\000n\000c\000e}{chapter.2}% 20
\BOOKMARK [1][-]{section.2.18}{\376\377\0002\000.\0001\0008\000\040\000m\000o\000d\000e\000l\000s\000/\000M\000e\000s\000s\000a\000g\000e\000.\000j\000s\000\040\000F\000i\000l\000e\000\040\000R\000e\000f\000e\000r\000e\000n\000c\000e}{chapter.2}% 21
\BOOKMARK [1][-]{section.2.19}{\376\377\0002\000.\0001\0009\000\040\000m\000o\000d\000e\000l\000s\000/\000P\000a\000y\000m\000e\000n\000t\000.\000j\000s\000\040\000F\000i\000l\000e\000\040\000R\000e\000f\000e\000r\000e\000n\000c\000e}{chapter.2}% 22
\BOOKMARK [1][-]{section.2.20}{\376\377\0002\000.\0002\0000\000\040\000r\000o\000u\000t\000e\000s\000/\000p\000a\000y\000m\000e\000n\000t\000.\000j\000s\000\040\000F\000i\000l\000e\000\040\000R\000e\000f\000e\000r\000e\000n\000c\000e}{chapter.2}% 23
\BOOKMARK [1][-]{section.2.21}{\376\377\0002\000.\0002\0001\000\040\000m\000o\000d\000e\000l\000s\000/\000R\000e\000s\000e\000r\000v\000a\000t\000i\000o\000n\000.\000j\000s\000\040\000F\000i\000l\000e\000\040\000R\000e\000f\000e\000r\000e\000n\000c\000e}{chapter.2}% 24
\BOOKMARK [1][-]{section.2.22}{\376\377\0002\000.\0002\0002\000\040\000r\000o\000u\000t\000e\000s\000/\000r\000e\000s\000e\000r\000v\000a\000t\000i\000o\000n\000.\000j\000s\000\040\000F\000i\000l\000e\000\040\000R\000e\000f\000e\000r\000e\000n\000c\000e}{chapter.2}% 25
\BOOKMARK [1][-]{section.2.23}{\376\377\0002\000.\0002\0003\000\040\000m\000o\000d\000e\000l\000s\000/\000S\000c\000h\000e\000d\000u\000l\000e\000.\000j\000s\000\040\000F\000i\000l\000e\000\040\000R\000e\000f\000e\000r\000e\000n\000c\000e}{chapter.2}% 26
\BOOKMARK [1][-]{section.2.24}{\376\377\0002\000.\0002\0004\000\040\000r\000o\000u\000t\000e\000s\000/\000s\000c\000h\000e\000d\000u\000l\000e\000.\000j\000s\000\040\000F\000i\000l\000e\000\040\000R\000e\000f\000e\000r\000e\000n\000c\000e}{chapter.2}% 27
\BOOKMARK [1][-]{section.2.25}{\376\377\0002\000.\0002\0005\000\040\000m\000o\000d\000e\000l\000s\000/\000T\000e\000r\000m\000i\000n\000a\000l\000.\000j\000s\000\040\000F\000i\000l\000e\000\040\000R\000e\000f\000e\000r\000e\000n\000c\000e}{chapter.2}% 28
\BOOKMARK [1][-]{section.2.26}{\376\377\0002\000.\0002\0006\000\040\000r\000o\000u\000t\000e\000s\000/\000t\000e\000r\000m\000i\000n\000a\000l\000.\000j\000s\000\040\000F\000i\000l\000e\000\040\000R\000e\000f\000e\000r\000e\000n\000c\000e}{chapter.2}% 29
\BOOKMARK [1][-]{section.2.27}{\376\377\0002\000.\0002\0007\000\040\000m\000o\000d\000e\000l\000s\000/\000T\000i\000c\000k\000e\000t\000.\000j\000s\000\040\000F\000i\000l\000e\000\040\000R\000e\000f\000e\000r\000e\000n\000c\000e}{chapter.2}% 30
\BOOKMARK [1][-]{section.2.28}{\376\377\0002\000.\0002\0008\000\040\000r\000o\000u\000t\000e\000s\000/\000t\000i\000c\000k\000e\000t\000.\000j\000s\000\040\000F\000i\000l\000e\000\040\000R\000e\000f\000e\000r\000e\000n\000c\000e}{chapter.2}% 31
\BOOKMARK [1][-]{section.2.29}{\376\377\0002\000.\0002\0009\000\040\000m\000o\000d\000e\000l\000s\000/\000U\000s\000e\000r\000.\000j\000s\000\040\000F\000i\000l\000e\000\040\000R\000e\000f\000e\000r\000e\000n\000c\000e}{chapter.2}% 32
\BOOKMARK [1][-]{section.2.30}{\376\377\0002\000.\0003\0000\000\040\000r\000o\000u\000t\000e\000s\000/\000u\000s\000e\000r\000.\000j\000s\000\040\000F\000i\000l\000e\000\040\000R\000e\000f\000e\000r\000e\000n\000c\000e}{chapter.2}% 33
\BOOKMARK [1][-]{section.2.31}{\376\377\0002\000.\0003\0001\000\040\000r\000o\000u\000t\000e\000s\000/\000a\000d\000m\000i\000n\000.\000j\000s\000\040\000F\000i\000l\000e\000\040\000R\000e\000f\000e\000r\000e\000n\000c\000e}{chapter.2}% 34
\BOOKMARK [1][-]{section.2.32}{\376\377\0002\000.\0003\0002\000\040\000r\000o\000u\000t\000e\000s\000/\000a\000u\000t\000h\000.\000j\000s\000\040\000F\000i\000l\000e\000\040\000R\000e\000f\000e\000r\000e\000n\000c\000e}{chapter.2}% 35
\BOOKMARK [1][-]{section.2.33}{\376\377\0002\000.\0003\0003\000\040\000s\000e\000r\000v\000e\000r\000.\000j\000s\000\040\000F\000i\000l\000e\000\040\000R\000e\000f\000e\000r\000e\000n\000c\000e}{chapter.2}% 36
\BOOKMARK [1][-]{section.2.34}{\376\377\0002\000.\0003\0004\000\040\000u\000t\000i\000l\000s\000/\000s\000e\000n\000d\000O\000t\000p\000M\000a\000i\000l\000.\000j\000s\000\040\000F\000i\000l\000e\000\040\000R\000e\000f\000e\000r\000e\000n\000c\000e}{chapter.2}% 37
